<?xml version="1.0" encoding="UTF-8" ?>
<testsuite failures="0" time="0.366" errors="0" skipped="0" tests="5" name="com.foo.bar.spring.jpa.demo.tests.repositories.AuthorRepositoryTest">
  <properties>
    <property name="java.runtime.name" value="Java(TM) SE Runtime Environment"/>
    <property name="sun.boot.library.path" value="/home/ubuntu/tools/jdk1.7.0_67/jre/lib/i386"/>
    <property name="java.vm.version" value="24.65-b04"/>
    <property name="java.vm.vendor" value="Oracle Corporation"/>
    <property name="java.vendor.url" value="http://java.oracle.com/"/>
    <property name="path.separator" value=":"/>
    <property name="guice.disable.misplaced.annotation.check" value="true"/>
    <property name="java.vm.name" value="Java HotSpot(TM) Server VM"/>
    <property name="file.encoding.pkg" value="sun.io"/>
    <property name="user.country" value="US"/>
    <property name="sun.java.launcher" value="SUN_STANDARD"/>
    <property name="sun.os.patch.level" value="unknown"/>
    <property name="java.vm.specification.name" value="Java Virtual Machine Specification"/>
    <property name="user.dir" value="/home/ubuntu/postsDemo/spring-jpa-demo"/>
    <property name="java.runtime.version" value="1.7.0_67-b01"/>
    <property name="java.awt.graphicsenv" value="sun.awt.X11GraphicsEnvironment"/>
    <property name="java.endorsed.dirs" value="/home/ubuntu/tools/jdk1.7.0_67/jre/lib/endorsed"/>
    <property name="os.arch" value="i386"/>
    <property name="java.io.tmpdir" value="/tmp"/>
    <property name="line.separator" value="
"/>
    <property name="java.vm.specification.vendor" value="Oracle Corporation"/>
    <property name="os.name" value="Linux"/>
    <property name="classworlds.conf" value="/home/ubuntu/postsDemo/.metadata/.plugins/org.eclipse.m2e.launching/launches/m2conf7460209013972795216.tmp"/>
    <property name="sun.jnu.encoding" value="UTF-8"/>
    <property name="java.library.path" value="/home/ubuntu/tools/jdk1.7.0_67/jre/lib/i386/server:/home/ubuntu/tools/jdk1.7.0_67/jre/lib/i386:/home/ubuntu/tools/jdk1.7.0_67/jre/../lib/i386:/home/ubuntu/tools/jdk1.7.0_67/jre/lib/i386/client:/home/ubuntu/tools/jdk1.7.0_67/jre/lib/i386::/usr/java/packages/lib/i386:/lib:/usr/lib"/>
    <property name="java.specification.name" value="Java Platform API Specification"/>
    <property name="java.class.version" value="51.0"/>
    <property name="sun.management.compiler" value="HotSpot Tiered Compilers"/>
    <property name="os.version" value="3.13.0-37-generic"/>
    <property name="user.home" value="/home/ubuntu"/>
    <property name="user.timezone" value="Europe/Paris"/>
    <property name="java.awt.printerjob" value="sun.print.PSPrinterJob"/>
    <property name="file.encoding" value="UTF-8"/>
    <property name="java.specification.version" value="1.7"/>
    <property name="user.name" value="ubuntu"/>
    <property name="java.class.path" value="/home/ubuntu/tools/eclipse/plugins/org.eclipse.m2e.maven.runtime_1.5.0.20140605-2032/jars/plexus-classworlds-2.5.1.jar"/>
    <property name="org.slf4j.simpleLogger.defaultLogLevel" value="info"/>
    <property name="java.vm.specification.version" value="1.7"/>
    <property name="sun.arch.data.model" value="32"/>
    <property name="java.home" value="/home/ubuntu/tools/jdk1.7.0_67/jre"/>
    <property name="sun.java.command" value="org.codehaus.plexus.classworlds.launcher.Launcher -B -s /home/ubuntu/tools/apache-maven-3.2.3/conf/settings.xml install"/>
    <property name="java.specification.vendor" value="Oracle Corporation"/>
    <property name="user.language" value="en"/>
    <property name="awt.toolkit" value="sun.awt.X11.XToolkit"/>
    <property name="java.vm.info" value="mixed mode"/>
    <property name="java.version" value="1.7.0_67"/>
    <property name="java.ext.dirs" value="/home/ubuntu/tools/jdk1.7.0_67/jre/lib/ext:/usr/java/packages/lib/ext"/>
    <property name="securerandom.source" value="file:/dev/./urandom"/>
    <property name="sun.boot.class.path" value="/home/ubuntu/tools/jdk1.7.0_67/jre/lib/resources.jar:/home/ubuntu/tools/jdk1.7.0_67/jre/lib/rt.jar:/home/ubuntu/tools/jdk1.7.0_67/jre/lib/sunrsasign.jar:/home/ubuntu/tools/jdk1.7.0_67/jre/lib/jsse.jar:/home/ubuntu/tools/jdk1.7.0_67/jre/lib/jce.jar:/home/ubuntu/tools/jdk1.7.0_67/jre/lib/charsets.jar:/home/ubuntu/tools/jdk1.7.0_67/jre/lib/jfr.jar:/home/ubuntu/tools/jdk1.7.0_67/jre/classes"/>
    <property name="java.vendor" value="Oracle Corporation"/>
    <property name="maven.home" value="/home/ubuntu/postsDemo/spring-jpa-demo/EMBEDDED"/>
    <property name="file.separator" value="/"/>
    <property name="java.vendor.url.bug" value="http://bugreport.sun.com/bugreport/"/>
    <property name="sun.cpu.endian" value="little"/>
    <property name="sun.io.unicode.encoding" value="UnicodeLittle"/>
    <property name="sun.desktop" value="gnome"/>
    <property name="sun.cpu.isalist" value=""/>
  </properties>
  <testcase time="0.215" classname="com.foo.bar.spring.jpa.demo.tests.repositories.AuthorRepositoryTest" name="testFindAuthorEntity"/>
  <testcase time="0.031" classname="com.foo.bar.spring.jpa.demo.tests.repositories.AuthorRepositoryTest" name="testFindAuthorEntityByFirstName"/>
  <testcase time="0.036" classname="com.foo.bar.spring.jpa.demo.tests.repositories.AuthorRepositoryTest" name="testCreateAuthorEntity"/>
  <testcase time="0.081" classname="com.foo.bar.spring.jpa.demo.tests.repositories.AuthorRepositoryTest" name="testUpdateAuthorEntity"/>
  <testcase time="0.003" classname="com.foo.bar.spring.jpa.demo.tests.repositories.AuthorRepositoryTest" name="testFindAuthorEntityByLastName"/>
</testsuite>